03-May-2021 17:39:31.898 심각 [http-nio-8121-exec-7] org.apache.catalina.core.StandardWrapperValve.invoke Servlet.service() for servlet [jsp] in context with path [] threw exception [An exception occurred processing JSP page /Account.jsp at line 53

50: 						<tr>
51: 							<td>아이디</td>
52: 							<td><input type="text" name="id"
53: 								value="<%=rs.getString("id")%>" readonly></td>
54: 						</tr>
55: 						<tr>
56: 							<td>비밀번호</td>


Stacktrace:] with root cause
 java.sql.SQLException: After end of result set
	at com.mysql.jdbc.SQLError.createSQLException(SQLError.java:998)
	at com.mysql.jdbc.SQLError.createSQLException(SQLError.java:937)
	at com.mysql.jdbc.SQLError.createSQLException(SQLError.java:926)
	at com.mysql.jdbc.SQLError.createSQLException(SQLError.java:872)
	at com.mysql.jdbc.ResultSetImpl.checkRowPos(ResultSetImpl.java:787)
	at com.mysql.jdbc.ResultSetImpl.getStringInternal(ResultSetImpl.java:5244)
	at com.mysql.jdbc.ResultSetImpl.getString(ResultSetImpl.java:5167)
	at com.mysql.jdbc.ResultSetImpl.getString(ResultSetImpl.java:5206)
	at org.apache.tomcat.dbcp.dbcp2.DelegatingResultSet.getString(DelegatingResultSet.java:266)
	at org.apache.tomcat.dbcp.dbcp2.DelegatingResultSet.getString(DelegatingResultSet.java:266)
	at org.apache.jsp.Account_jsp._jspService(Account_jsp.java:172)
	at org.apache.jasper.runtime.HttpJspBase.service(HttpJspBase.java:70)
	at javax.servlet.http.HttpServlet.service(HttpServlet.java:729)
	at org.apache.jasper.servlet.JspServletWrapper.service(JspServletWrapper.java:438)
	at org.apache.jasper.servlet.JspServlet.serviceJspFile(JspServlet.java:396)
	at org.apache.jasper.servlet.JspServlet.service(JspServlet.java:340)
	at javax.servlet.http.HttpServlet.service(HttpServlet.java:729)
	at org.apache.catalina.core.ApplicationFilterChain.internalDoFilter(ApplicationFilterChain.java:292)
	at org.apache.catalina.core.ApplicationFilterChain.doFilter(ApplicationFilterChain.java:207)
	at org.apache.tomcat.websocket.server.WsFilter.doFilter(WsFilter.java:52)
	at org.apache.catalina.core.ApplicationFilterChain.internalDoFilter(ApplicationFilterChain.java:240)
	at org.apache.catalina.core.ApplicationFilterChain.doFilter(ApplicationFilterChain.java:207)
	at org.apache.catalina.core.StandardWrapperValve.invoke(StandardWrapperValve.java:212)
	at org.apache.catalina.core.StandardContextValve.invoke(StandardContextValve.java:94)
	at org.apache.catalina.core.StandardHostValve.invoke(StandardHostValve.java:141)
	at org.apache.catalina.valves.ErrorReportValve.invoke(ErrorReportValve.java:79)
	at org.apache.catalina.core.StandardEngineValve.invoke(StandardEngineValve.java:88)
	at org.apache.catalina.connector.CoyoteAdapter.service(CoyoteAdapter.java:502)
	at org.apache.coyote.http11.AbstractHttp11Processor.process(AbstractHttp11Processor.java:1132)
	at org.apache.coyote.AbstractProtocol$AbstractConnectionHandler.process(AbstractProtocol.java:684)
	at org.apache.tomcat.util.net.NioEndpoint$SocketProcessor.doRun(NioEndpoint.java:1539)
	at org.apache.tomcat.util.net.NioEndpoint$SocketProcessor.run(NioEndpoint.java:1495)
	at java.util.concurrent.ThreadPoolExecutor.runWorker(ThreadPoolExecutor.java:1142)
	at java.util.concurrent.ThreadPoolExecutor$Worker.run(ThreadPoolExecutor.java:617)
	at org.apache.tomcat.util.threads.TaskThread$WrappingRunnable.run(TaskThread.java:61)
	at java.lang.Thread.run(Thread.java:745)

03-May-2021 17:51:29.647 심각 [http-nio-8121-exec-7] org.apache.catalina.core.StandardWrapperValve.invoke Servlet.service() for servlet [jsp] in context with path [] threw exception [java.lang.IllegalStateException: Exception occurred when flushing data] with root cause
 java.io.IOException: Stream closed
	at org.apache.jasper.runtime.JspWriterImpl.ensureOpen(JspWriterImpl.java:200)
	at org.apache.jasper.runtime.JspWriterImpl.flushBuffer(JspWriterImpl.java:105)
	at org.apache.jasper.runtime.PageContextImpl.release(PageContextImpl.java:184)
	at org.apache.jasper.runtime.JspFactoryImpl.internalReleasePageContext(JspFactoryImpl.java:120)
	at org.apache.jasper.runtime.JspFactoryImpl.releasePageContext(JspFactoryImpl.java:75)
	at org.apache.jsp.MemberIdCheck_jsp._jspService(MemberIdCheck_jsp.java:158)
	at org.apache.jasper.runtime.HttpJspBase.service(HttpJspBase.java:70)
	at javax.servlet.http.HttpServlet.service(HttpServlet.java:729)
	at org.apache.jasper.servlet.JspServletWrapper.service(JspServletWrapper.java:438)
	at org.apache.jasper.servlet.JspServlet.serviceJspFile(JspServlet.java:396)
	at org.apache.jasper.servlet.JspServlet.service(JspServlet.java:340)
	at javax.servlet.http.HttpServlet.service(HttpServlet.java:729)
	at org.apache.catalina.core.ApplicationFilterChain.internalDoFilter(ApplicationFilterChain.java:292)
	at org.apache.catalina.core.ApplicationFilterChain.doFilter(ApplicationFilterChain.java:207)
	at org.apache.tomcat.websocket.server.WsFilter.doFilter(WsFilter.java:52)
	at org.apache.catalina.core.ApplicationFilterChain.internalDoFilter(ApplicationFilterChain.java:240)
	at org.apache.catalina.core.ApplicationFilterChain.doFilter(ApplicationFilterChain.java:207)
	at org.apache.catalina.core.StandardWrapperValve.invoke(StandardWrapperValve.java:212)
	at org.apache.catalina.core.StandardContextValve.invoke(StandardContextValve.java:94)
	at org.apache.catalina.core.StandardHostValve.invoke(StandardHostValve.java:141)
	at org.apache.catalina.valves.ErrorReportValve.invoke(ErrorReportValve.java:79)
	at org.apache.catalina.core.StandardEngineValve.invoke(StandardEngineValve.java:88)
	at org.apache.catalina.connector.CoyoteAdapter.service(CoyoteAdapter.java:502)
	at org.apache.coyote.http11.AbstractHttp11Processor.process(AbstractHttp11Processor.java:1132)
	at org.apache.coyote.AbstractProtocol$AbstractConnectionHandler.process(AbstractProtocol.java:684)
	at org.apache.tomcat.util.net.NioEndpoint$SocketProcessor.doRun(NioEndpoint.java:1539)
	at org.apache.tomcat.util.net.NioEndpoint$SocketProcessor.run(NioEndpoint.java:1495)
	at java.util.concurrent.ThreadPoolExecutor.runWorker(ThreadPoolExecutor.java:1142)
	at java.util.concurrent.ThreadPoolExecutor$Worker.run(ThreadPoolExecutor.java:617)
	at org.apache.tomcat.util.threads.TaskThread$WrappingRunnable.run(TaskThread.java:61)
	at java.lang.Thread.run(Thread.java:745)

03-May-2021 17:52:02.716 심각 [http-nio-8121-exec-9] org.apache.catalina.core.StandardWrapperValve.invoke Servlet.service() for servlet [jsp] in context with path [] threw exception [java.lang.RuntimeException: Table 'polinsight.JSP_MEMBER' doesn't exist] with root cause
 java.lang.RuntimeException: Table 'polinsight.JSP_MEMBER' doesn't exist
	at model.member.MemberDAO.insertMember(MemberDAO.java:89)
	at org.apache.jsp.joinPro_jsp._jspService(joinPro_jsp.java:154)
	at org.apache.jasper.runtime.HttpJspBase.service(HttpJspBase.java:70)
	at javax.servlet.http.HttpServlet.service(HttpServlet.java:729)
	at org.apache.jasper.servlet.JspServletWrapper.service(JspServletWrapper.java:438)
	at org.apache.jasper.servlet.JspServlet.serviceJspFile(JspServlet.java:396)
	at org.apache.jasper.servlet.JspServlet.service(JspServlet.java:340)
	at javax.servlet.http.HttpServlet.service(HttpServlet.java:729)
	at org.apache.catalina.core.ApplicationFilterChain.internalDoFilter(ApplicationFilterChain.java:292)
	at org.apache.catalina.core.ApplicationFilterChain.doFilter(ApplicationFilterChain.java:207)
	at org.apache.tomcat.websocket.server.WsFilter.doFilter(WsFilter.java:52)
	at org.apache.catalina.core.ApplicationFilterChain.internalDoFilter(ApplicationFilterChain.java:240)
	at org.apache.catalina.core.ApplicationFilterChain.doFilter(ApplicationFilterChain.java:207)
	at org.apache.catalina.core.StandardWrapperValve.invoke(StandardWrapperValve.java:212)
	at org.apache.catalina.core.StandardContextValve.invoke(StandardContextValve.java:94)
	at org.apache.catalina.core.StandardHostValve.invoke(StandardHostValve.java:141)
	at org.apache.catalina.valves.ErrorReportValve.invoke(ErrorReportValve.java:79)
	at org.apache.catalina.core.StandardEngineValve.invoke(StandardEngineValve.java:88)
	at org.apache.catalina.connector.CoyoteAdapter.service(CoyoteAdapter.java:502)
	at org.apache.coyote.http11.AbstractHttp11Processor.process(AbstractHttp11Processor.java:1132)
	at org.apache.coyote.AbstractProtocol$AbstractConnectionHandler.process(AbstractProtocol.java:684)
	at org.apache.tomcat.util.net.NioEndpoint$SocketProcessor.doRun(NioEndpoint.java:1539)
	at org.apache.tomcat.util.net.NioEndpoint$SocketProcessor.run(NioEndpoint.java:1495)
	at java.util.concurrent.ThreadPoolExecutor.runWorker(ThreadPoolExecutor.java:1142)
	at java.util.concurrent.ThreadPoolExecutor$Worker.run(ThreadPoolExecutor.java:617)
	at org.apache.tomcat.util.threads.TaskThread$WrappingRunnable.run(TaskThread.java:61)
	at java.lang.Thread.run(Thread.java:745)

03-May-2021 18:04:13.207 정보 [main] org.apache.catalina.core.AprLifecycleListener.lifecycleEvent The APR based Apache Tomcat Native library which allows optimal performance in production environments was not found on the java.library.path: /home/hosting_users/usr/local/fakechroot/lib/fakechroot:/usr/local/fakechroot/lib/fakechroot:/home/hosting_users/usr/lib:/home/hosting_users/lib:/usr/local/mysql/lib:/usr/java/packages/lib/amd64:/usr/lib64:/lib64:/lib:/usr/lib
03-May-2021 18:04:13.252 정보 [main] org.apache.coyote.AbstractProtocol.init Initializing ProtocolHandler ["http-nio-8121"]
03-May-2021 18:04:13.259 정보 [main] org.apache.tomcat.util.net.NioSelectorPool.getSharedSelector Using a shared selector for servlet write/read
03-May-2021 18:04:13.260 정보 [main] org.apache.catalina.startup.Catalina.load Initialization processed in 212 ms
03-May-2021 18:04:13.270 정보 [main] org.apache.catalina.core.StandardService.startInternal Starting service polinsight
03-May-2021 18:04:13.270 정보 [main] org.apache.catalina.core.StandardEngine.startInternal Starting Servlet Engine: Apache Tomcat/8.0.50
03-May-2021 18:04:13.273 정보 [polinsight.cafe24.com-startStop-1] org.apache.catalina.startup.HostConfig.deployDirectory Deploying web application directory /polinsight/tomcat/webapps/host-manager
03-May-2021 18:04:13.564 정보 [polinsight.cafe24.com-startStop-1] org.apache.jasper.servlet.TldScanner.scanJars At least one JAR was scanned for TLDs yet contained no TLDs. Enable debug logging for this logger for a complete list of JARs that were scanned but no TLDs were found in them. Skipping unneeded JARs during scanning can improve startup time and JSP compilation time.
03-May-2021 18:04:13.591 정보 [polinsight.cafe24.com-startStop-1] org.apache.catalina.startup.HostConfig.deployDirectory Deployment of web application directory /polinsight/tomcat/webapps/host-manager has finished in 318 ms
03-May-2021 18:04:13.591 정보 [polinsight.cafe24.com-startStop-1] org.apache.catalina.startup.HostConfig.deployDirectory Deploying web application directory /polinsight/tomcat/webapps/manager
03-May-2021 18:04:13.742 정보 [polinsight.cafe24.com-startStop-1] org.apache.jasper.servlet.TldScanner.scanJars At least one JAR was scanned for TLDs yet contained no TLDs. Enable debug logging for this logger for a complete list of JARs that were scanned but no TLDs were found in them. Skipping unneeded JARs during scanning can improve startup time and JSP compilation time.
03-May-2021 18:04:13.743 정보 [polinsight.cafe24.com-startStop-1] org.apache.catalina.startup.HostConfig.deployDirectory Deployment of web application directory /polinsight/tomcat/webapps/manager has finished in 152 ms
03-May-2021 18:04:13.743 정보 [polinsight.cafe24.com-startStop-1] org.apache.catalina.startup.HostConfig.deployDirectory Deploying web application directory /polinsight/tomcat/webapps/ROOT
03-May-2021 18:04:13.887 정보 [polinsight.cafe24.com-startStop-1] org.apache.jasper.servlet.TldScanner.scanJars At least one JAR was scanned for TLDs yet contained no TLDs. Enable debug logging for this logger for a complete list of JARs that were scanned but no TLDs were found in them. Skipping unneeded JARs during scanning can improve startup time and JSP compilation time.
03-May-2021 18:04:13.889 정보 [polinsight.cafe24.com-startStop-1] org.apache.catalina.startup.HostConfig.deployDirectory Deployment of web application directory /polinsight/tomcat/webapps/ROOT has finished in 146 ms
03-May-2021 18:04:13.890 정보 [main] org.apache.coyote.AbstractProtocol.start Starting ProtocolHandler ["http-nio-8121"]
03-May-2021 18:04:13.893 정보 [main] org.apache.catalina.startup.Catalina.start Server startup in 633 ms
03-May-2021 18:05:35.404 정보 [main] org.apache.catalina.core.AprLifecycleListener.lifecycleEvent The APR based Apache Tomcat Native library which allows optimal performance in production environments was not found on the java.library.path: /home/hosting_users/usr/local/fakechroot/lib/fakechroot:/usr/local/fakechroot/lib/fakechroot:/home/hosting_users/usr/lib:/home/hosting_users/lib:/usr/local/mysql/lib:/usr/java/packages/lib/amd64:/usr/lib64:/lib64:/lib:/usr/lib
03-May-2021 18:05:35.448 정보 [main] org.apache.coyote.AbstractProtocol.init Initializing ProtocolHandler ["http-nio-8121"]
03-May-2021 18:05:35.455 정보 [main] org.apache.tomcat.util.net.NioSelectorPool.getSharedSelector Using a shared selector for servlet write/read
03-May-2021 18:05:35.456 정보 [main] org.apache.catalina.startup.Catalina.load Initialization processed in 205 ms
03-May-2021 18:05:35.466 정보 [main] org.apache.catalina.core.StandardService.startInternal Starting service polinsight
03-May-2021 18:05:35.466 정보 [main] org.apache.catalina.core.StandardEngine.startInternal Starting Servlet Engine: Apache Tomcat/8.0.50
03-May-2021 18:05:35.469 정보 [polinsight.cafe24.com-startStop-1] org.apache.catalina.startup.HostConfig.deployDirectory Deploying web application directory /polinsight/tomcat/webapps/host-manager
03-May-2021 18:05:35.742 정보 [polinsight.cafe24.com-startStop-1] org.apache.jasper.servlet.TldScanner.scanJars At least one JAR was scanned for TLDs yet contained no TLDs. Enable debug logging for this logger for a complete list of JARs that were scanned but no TLDs were found in them. Skipping unneeded JARs during scanning can improve startup time and JSP compilation time.
03-May-2021 18:05:35.766 정보 [polinsight.cafe24.com-startStop-1] org.apache.catalina.startup.HostConfig.deployDirectory Deployment of web application directory /polinsight/tomcat/webapps/host-manager has finished in 297 ms
03-May-2021 18:05:35.766 정보 [polinsight.cafe24.com-startStop-1] org.apache.catalina.startup.HostConfig.deployDirectory Deploying web application directory /polinsight/tomcat/webapps/manager
03-May-2021 18:05:35.908 정보 [polinsight.cafe24.com-startStop-1] org.apache.jasper.servlet.TldScanner.scanJars At least one JAR was scanned for TLDs yet contained no TLDs. Enable debug logging for this logger for a complete list of JARs that were scanned but no TLDs were found in them. Skipping unneeded JARs during scanning can improve startup time and JSP compilation time.
03-May-2021 18:05:35.908 정보 [polinsight.cafe24.com-startStop-1] org.apache.catalina.startup.HostConfig.deployDirectory Deployment of web application directory /polinsight/tomcat/webapps/manager has finished in 142 ms
03-May-2021 18:05:35.909 정보 [polinsight.cafe24.com-startStop-1] org.apache.catalina.startup.HostConfig.deployDirectory Deploying web application directory /polinsight/tomcat/webapps/ROOT
03-May-2021 18:05:36.044 정보 [polinsight.cafe24.com-startStop-1] org.apache.jasper.servlet.TldScanner.scanJars At least one JAR was scanned for TLDs yet contained no TLDs. Enable debug logging for this logger for a complete list of JARs that were scanned but no TLDs were found in them. Skipping unneeded JARs during scanning can improve startup time and JSP compilation time.
03-May-2021 18:05:36.045 정보 [polinsight.cafe24.com-startStop-1] org.apache.catalina.startup.HostConfig.deployDirectory Deployment of web application directory /polinsight/tomcat/webapps/ROOT has finished in 136 ms
03-May-2021 18:05:36.048 정보 [main] org.apache.coyote.AbstractProtocol.start Starting ProtocolHandler ["http-nio-8121"]
03-May-2021 18:05:36.051 정보 [main] org.apache.catalina.startup.Catalina.start Server startup in 594 ms
03-May-2021 18:10:50.818 정보 [main] org.apache.catalina.core.AprLifecycleListener.lifecycleEvent The APR based Apache Tomcat Native library which allows optimal performance in production environments was not found on the java.library.path: /home/hosting_users/usr/local/fakechroot/lib/fakechroot:/usr/local/fakechroot/lib/fakechroot:/home/hosting_users/usr/lib:/home/hosting_users/lib:/usr/local/mysql/lib:/usr/java/packages/lib/amd64:/usr/lib64:/lib64:/lib:/usr/lib
03-May-2021 18:10:50.862 정보 [main] org.apache.coyote.AbstractProtocol.init Initializing ProtocolHandler ["http-nio-8121"]
03-May-2021 18:10:50.870 정보 [main] org.apache.tomcat.util.net.NioSelectorPool.getSharedSelector Using a shared selector for servlet write/read
03-May-2021 18:10:50.871 정보 [main] org.apache.catalina.startup.Catalina.load Initialization processed in 204 ms
03-May-2021 18:10:50.880 정보 [main] org.apache.catalina.core.StandardService.startInternal Starting service polinsight
03-May-2021 18:10:50.880 정보 [main] org.apache.catalina.core.StandardEngine.startInternal Starting Servlet Engine: Apache Tomcat/8.0.50
03-May-2021 18:10:50.883 정보 [polinsight.cafe24.com-startStop-1] org.apache.catalina.startup.HostConfig.deployDirectory Deploying web application directory /polinsight/tomcat/webapps/host-manager
03-May-2021 18:10:51.163 정보 [polinsight.cafe24.com-startStop-1] org.apache.jasper.servlet.TldScanner.scanJars At least one JAR was scanned for TLDs yet contained no TLDs. Enable debug logging for this logger for a complete list of JARs that were scanned but no TLDs were found in them. Skipping unneeded JARs during scanning can improve startup time and JSP compilation time.
03-May-2021 18:10:51.190 정보 [polinsight.cafe24.com-startStop-1] org.apache.catalina.startup.HostConfig.deployDirectory Deployment of web application directory /polinsight/tomcat/webapps/host-manager has finished in 306 ms
03-May-2021 18:10:51.190 정보 [polinsight.cafe24.com-startStop-1] org.apache.catalina.startup.HostConfig.deployDirectory Deploying web application directory /polinsight/tomcat/webapps/manager
03-May-2021 18:10:51.340 정보 [polinsight.cafe24.com-startStop-1] org.apache.jasper.servlet.TldScanner.scanJars At least one JAR was scanned for TLDs yet contained no TLDs. Enable debug logging for this logger for a complete list of JARs that were scanned but no TLDs were found in them. Skipping unneeded JARs during scanning can improve startup time and JSP compilation time.
03-May-2021 18:10:51.341 정보 [polinsight.cafe24.com-startStop-1] org.apache.catalina.startup.HostConfig.deployDirectory Deployment of web application directory /polinsight/tomcat/webapps/manager has finished in 151 ms
03-May-2021 18:10:51.341 정보 [polinsight.cafe24.com-startStop-1] org.apache.catalina.startup.HostConfig.deployDirectory Deploying web application directory /polinsight/tomcat/webapps/ROOT
03-May-2021 18:10:51.483 정보 [polinsight.cafe24.com-startStop-1] org.apache.jasper.servlet.TldScanner.scanJars At least one JAR was scanned for TLDs yet contained no TLDs. Enable debug logging for this logger for a complete list of JARs that were scanned but no TLDs were found in them. Skipping unneeded JARs during scanning can improve startup time and JSP compilation time.
03-May-2021 18:10:51.486 정보 [polinsight.cafe24.com-startStop-1] org.apache.catalina.startup.HostConfig.deployDirectory Deployment of web application directory /polinsight/tomcat/webapps/ROOT has finished in 145 ms
03-May-2021 18:10:51.487 정보 [main] org.apache.coyote.AbstractProtocol.start Starting ProtocolHandler ["http-nio-8121"]
03-May-2021 18:10:51.491 정보 [main] org.apache.catalina.startup.Catalina.start Server startup in 619 ms
03-May-2021 18:10:58.979 정보 [main] org.apache.catalina.core.AprLifecycleListener.lifecycleEvent The APR based Apache Tomcat Native library which allows optimal performance in production environments was not found on the java.library.path: /home/hosting_users/usr/local/fakechroot/lib/fakechroot:/usr/local/fakechroot/lib/fakechroot:/home/hosting_users/usr/lib:/home/hosting_users/lib:/usr/local/mysql/lib:/usr/java/packages/lib/amd64:/usr/lib64:/lib64:/lib:/usr/lib
03-May-2021 18:10:59.023 정보 [main] org.apache.coyote.AbstractProtocol.init Initializing ProtocolHandler ["http-nio-8121"]
03-May-2021 18:10:59.031 정보 [main] org.apache.tomcat.util.net.NioSelectorPool.getSharedSelector Using a shared selector for servlet write/read
03-May-2021 18:10:59.032 정보 [main] org.apache.catalina.startup.Catalina.load Initialization processed in 208 ms
03-May-2021 18:10:59.041 정보 [main] org.apache.catalina.core.StandardService.startInternal Starting service polinsight
03-May-2021 18:10:59.041 정보 [main] org.apache.catalina.core.StandardEngine.startInternal Starting Servlet Engine: Apache Tomcat/8.0.50
03-May-2021 18:10:59.044 정보 [polinsight.cafe24.com-startStop-1] org.apache.catalina.startup.HostConfig.deployDirectory Deploying web application directory /polinsight/tomcat/webapps/host-manager
03-May-2021 18:10:59.322 정보 [polinsight.cafe24.com-startStop-1] org.apache.jasper.servlet.TldScanner.scanJars At least one JAR was scanned for TLDs yet contained no TLDs. Enable debug logging for this logger for a complete list of JARs that were scanned but no TLDs were found in them. Skipping unneeded JARs during scanning can improve startup time and JSP compilation time.
03-May-2021 18:10:59.346 정보 [polinsight.cafe24.com-startStop-1] org.apache.catalina.startup.HostConfig.deployDirectory Deployment of web application directory /polinsight/tomcat/webapps/host-manager has finished in 302 ms
03-May-2021 18:10:59.346 정보 [polinsight.cafe24.com-startStop-1] org.apache.catalina.startup.HostConfig.deployDirectory Deploying web application directory /polinsight/tomcat/webapps/manager
03-May-2021 18:10:59.490 정보 [polinsight.cafe24.com-startStop-1] org.apache.jasper.servlet.TldScanner.scanJars At least one JAR was scanned for TLDs yet contained no TLDs. Enable debug logging for this logger for a complete list of JARs that were scanned but no TLDs were found in them. Skipping unneeded JARs during scanning can improve startup time and JSP compilation time.
03-May-2021 18:10:59.491 정보 [polinsight.cafe24.com-startStop-1] org.apache.catalina.startup.HostConfig.deployDirectory Deployment of web application directory /polinsight/tomcat/webapps/manager has finished in 145 ms
03-May-2021 18:10:59.491 정보 [polinsight.cafe24.com-startStop-1] org.apache.catalina.startup.HostConfig.deployDirectory Deploying web application directory /polinsight/tomcat/webapps/ROOT
03-May-2021 18:10:59.624 정보 [polinsight.cafe24.com-startStop-1] org.apache.jasper.servlet.TldScanner.scanJars At least one JAR was scanned for TLDs yet contained no TLDs. Enable debug logging for this logger for a complete list of JARs that were scanned but no TLDs were found in them. Skipping unneeded JARs during scanning can improve startup time and JSP compilation time.
03-May-2021 18:10:59.627 정보 [polinsight.cafe24.com-startStop-1] org.apache.catalina.startup.HostConfig.deployDirectory Deployment of web application directory /polinsight/tomcat/webapps/ROOT has finished in 136 ms
03-May-2021 18:10:59.628 정보 [main] org.apache.coyote.AbstractProtocol.start Starting ProtocolHandler ["http-nio-8121"]
03-May-2021 18:10:59.631 정보 [main] org.apache.catalina.startup.Catalina.start Server startup in 599 ms
03-May-2021 18:11:19.825 심각 [http-nio-8121-exec-4] org.apache.catalina.core.StandardWrapperValve.invoke Servlet.service() for servlet [jsp] in context with path [] threw exception [java.lang.IllegalStateException: Exception occurred when flushing data] with root cause
 java.io.IOException: Stream closed
	at org.apache.jasper.runtime.JspWriterImpl.ensureOpen(JspWriterImpl.java:200)
	at org.apache.jasper.runtime.JspWriterImpl.flushBuffer(JspWriterImpl.java:105)
	at org.apache.jasper.runtime.PageContextImpl.release(PageContextImpl.java:184)
	at org.apache.jasper.runtime.JspFactoryImpl.internalReleasePageContext(JspFactoryImpl.java:120)
	at org.apache.jasper.runtime.JspFactoryImpl.releasePageContext(JspFactoryImpl.java:75)
	at org.apache.jsp.MemberIdCheck_jsp._jspService(MemberIdCheck_jsp.java:158)
	at org.apache.jasper.runtime.HttpJspBase.service(HttpJspBase.java:70)
	at javax.servlet.http.HttpServlet.service(HttpServlet.java:729)
	at org.apache.jasper.servlet.JspServletWrapper.service(JspServletWrapper.java:438)
	at org.apache.jasper.servlet.JspServlet.serviceJspFile(JspServlet.java:396)
	at org.apache.jasper.servlet.JspServlet.service(JspServlet.java:340)
	at javax.servlet.http.HttpServlet.service(HttpServlet.java:729)
	at org.apache.catalina.core.ApplicationFilterChain.internalDoFilter(ApplicationFilterChain.java:292)
	at org.apache.catalina.core.ApplicationFilterChain.doFilter(ApplicationFilterChain.java:207)
	at org.apache.tomcat.websocket.server.WsFilter.doFilter(WsFilter.java:52)
	at org.apache.catalina.core.ApplicationFilterChain.internalDoFilter(ApplicationFilterChain.java:240)
	at org.apache.catalina.core.ApplicationFilterChain.doFilter(ApplicationFilterChain.java:207)
	at org.apache.catalina.core.StandardWrapperValve.invoke(StandardWrapperValve.java:212)
	at org.apache.catalina.core.StandardContextValve.invoke(StandardContextValve.java:94)
	at org.apache.catalina.core.StandardHostValve.invoke(StandardHostValve.java:141)
	at org.apache.catalina.valves.ErrorReportValve.invoke(ErrorReportValve.java:79)
	at org.apache.catalina.core.StandardEngineValve.invoke(StandardEngineValve.java:88)
	at org.apache.catalina.connector.CoyoteAdapter.service(CoyoteAdapter.java:502)
	at org.apache.coyote.http11.AbstractHttp11Processor.process(AbstractHttp11Processor.java:1132)
	at org.apache.coyote.AbstractProtocol$AbstractConnectionHandler.process(AbstractProtocol.java:684)
	at org.apache.tomcat.util.net.NioEndpoint$SocketProcessor.doRun(NioEndpoint.java:1539)
	at org.apache.tomcat.util.net.NioEndpoint$SocketProcessor.run(NioEndpoint.java:1495)
	at java.util.concurrent.ThreadPoolExecutor.runWorker(ThreadPoolExecutor.java:1142)
	at java.util.concurrent.ThreadPoolExecutor$Worker.run(ThreadPoolExecutor.java:617)
	at org.apache.tomcat.util.threads.TaskThread$WrappingRunnable.run(TaskThread.java:61)
	at java.lang.Thread.run(Thread.java:745)

03-May-2021 20:17:46.886 정보 [main] org.apache.catalina.core.AprLifecycleListener.lifecycleEvent The APR based Apache Tomcat Native library which allows optimal performance in production environments was not found on the java.library.path: /home/hosting_users/usr/local/fakechroot/lib/fakechroot:/usr/local/fakechroot/lib/fakechroot:/home/hosting_users/usr/lib:/home/hosting_users/lib:/usr/local/mysql/lib:/usr/java/packages/lib/amd64:/usr/lib64:/lib64:/lib:/usr/lib
03-May-2021 20:17:46.929 정보 [main] org.apache.coyote.AbstractProtocol.init Initializing ProtocolHandler ["http-nio-8121"]
03-May-2021 20:17:46.937 정보 [main] org.apache.tomcat.util.net.NioSelectorPool.getSharedSelector Using a shared selector for servlet write/read
03-May-2021 20:17:46.938 정보 [main] org.apache.catalina.startup.Catalina.load Initialization processed in 207 ms
03-May-2021 20:17:46.947 정보 [main] org.apache.catalina.core.StandardService.startInternal Starting service polinsight
03-May-2021 20:17:46.948 정보 [main] org.apache.catalina.core.StandardEngine.startInternal Starting Servlet Engine: Apache Tomcat/8.0.50
03-May-2021 20:17:46.950 정보 [polinsight.cafe24.com-startStop-1] org.apache.catalina.startup.HostConfig.deployDirectory Deploying web application directory /polinsight/tomcat/webapps/host-manager
03-May-2021 20:17:47.222 정보 [polinsight.cafe24.com-startStop-1] org.apache.jasper.servlet.TldScanner.scanJars At least one JAR was scanned for TLDs yet contained no TLDs. Enable debug logging for this logger for a complete list of JARs that were scanned but no TLDs were found in them. Skipping unneeded JARs during scanning can improve startup time and JSP compilation time.
03-May-2021 20:17:47.246 정보 [polinsight.cafe24.com-startStop-1] org.apache.catalina.startup.HostConfig.deployDirectory Deployment of web application directory /polinsight/tomcat/webapps/host-manager has finished in 296 ms
03-May-2021 20:17:47.246 정보 [polinsight.cafe24.com-startStop-1] org.apache.catalina.startup.HostConfig.deployDirectory Deploying web application directory /polinsight/tomcat/webapps/manager
03-May-2021 20:17:47.390 정보 [polinsight.cafe24.com-startStop-1] org.apache.jasper.servlet.TldScanner.scanJars At least one JAR was scanned for TLDs yet contained no TLDs. Enable debug logging for this logger for a complete list of JARs that were scanned but no TLDs were found in them. Skipping unneeded JARs during scanning can improve startup time and JSP compilation time.
03-May-2021 20:17:47.391 정보 [polinsight.cafe24.com-startStop-1] org.apache.catalina.startup.HostConfig.deployDirectory Deployment of web application directory /polinsight/tomcat/webapps/manager has finished in 145 ms
03-May-2021 20:17:47.391 정보 [polinsight.cafe24.com-startStop-1] org.apache.catalina.startup.HostConfig.deployDirectory Deploying web application directory /polinsight/tomcat/webapps/ROOT
03-May-2021 20:17:47.527 정보 [polinsight.cafe24.com-startStop-1] org.apache.jasper.servlet.TldScanner.scanJars At least one JAR was scanned for TLDs yet contained no TLDs. Enable debug logging for this logger for a complete list of JARs that were scanned but no TLDs were found in them. Skipping unneeded JARs during scanning can improve startup time and JSP compilation time.
03-May-2021 20:17:47.530 정보 [polinsight.cafe24.com-startStop-1] org.apache.catalina.startup.HostConfig.deployDirectory Deployment of web application directory /polinsight/tomcat/webapps/ROOT has finished in 139 ms
03-May-2021 20:17:47.531 정보 [main] org.apache.coyote.AbstractProtocol.start Starting ProtocolHandler ["http-nio-8121"]
03-May-2021 20:17:47.534 정보 [main] org.apache.catalina.startup.Catalina.start Server startup in 596 ms
03-May-2021 20:17:54.045 정보 [main] org.apache.catalina.core.AprLifecycleListener.lifecycleEvent The APR based Apache Tomcat Native library which allows optimal performance in production environments was not found on the java.library.path: /home/hosting_users/usr/local/fakechroot/lib/fakechroot:/usr/local/fakechroot/lib/fakechroot:/home/hosting_users/usr/lib:/home/hosting_users/lib:/usr/local/mysql/lib:/usr/java/packages/lib/amd64:/usr/lib64:/lib64:/lib:/usr/lib
03-May-2021 20:17:54.093 정보 [main] org.apache.coyote.AbstractProtocol.init Initializing ProtocolHandler ["http-nio-8121"]
03-May-2021 20:17:54.101 정보 [main] org.apache.tomcat.util.net.NioSelectorPool.getSharedSelector Using a shared selector for servlet write/read
03-May-2021 20:17:54.102 정보 [main] org.apache.catalina.startup.Catalina.load Initialization processed in 214 ms
03-May-2021 20:17:54.112 정보 [main] org.apache.catalina.core.StandardService.startInternal Starting service polinsight
03-May-2021 20:17:54.112 정보 [main] org.apache.catalina.core.StandardEngine.startInternal Starting Servlet Engine: Apache Tomcat/8.0.50
03-May-2021 20:17:54.115 정보 [polinsight.cafe24.com-startStop-1] org.apache.catalina.startup.HostConfig.deployDirectory Deploying web application directory /polinsight/tomcat/webapps/host-manager
03-May-2021 20:17:54.407 정보 [polinsight.cafe24.com-startStop-1] org.apache.jasper.servlet.TldScanner.scanJars At least one JAR was scanned for TLDs yet contained no TLDs. Enable debug logging for this logger for a complete list of JARs that were scanned but no TLDs were found in them. Skipping unneeded JARs during scanning can improve startup time and JSP compilation time.
03-May-2021 20:17:54.433 정보 [polinsight.cafe24.com-startStop-1] org.apache.catalina.startup.HostConfig.deployDirectory Deployment of web application directory /polinsight/tomcat/webapps/host-manager has finished in 318 ms
03-May-2021 20:17:54.433 정보 [polinsight.cafe24.com-startStop-1] org.apache.catalina.startup.HostConfig.deployDirectory Deploying web application directory /polinsight/tomcat/webapps/manager
03-May-2021 20:17:54.593 정보 [polinsight.cafe24.com-startStop-1] org.apache.jasper.servlet.TldScanner.scanJars At least one JAR was scanned for TLDs yet contained no TLDs. Enable debug logging for this logger for a complete list of JARs that were scanned but no TLDs were found in them. Skipping unneeded JARs during scanning can improve startup time and JSP compilation time.
03-May-2021 20:17:54.595 정보 [polinsight.cafe24.com-startStop-1] org.apache.catalina.startup.HostConfig.deployDirectory Deployment of web application directory /polinsight/tomcat/webapps/manager has finished in 162 ms
03-May-2021 20:17:54.595 정보 [polinsight.cafe24.com-startStop-1] org.apache.catalina.startup.HostConfig.deployDirectory Deploying web application directory /polinsight/tomcat/webapps/ROOT
03-May-2021 20:17:54.733 정보 [polinsight.cafe24.com-startStop-1] org.apache.jasper.servlet.TldScanner.scanJars At least one JAR was scanned for TLDs yet contained no TLDs. Enable debug logging for this logger for a complete list of JARs that were scanned but no TLDs were found in them. Skipping unneeded JARs during scanning can improve startup time and JSP compilation time.
03-May-2021 20:17:54.736 정보 [polinsight.cafe24.com-startStop-1] org.apache.catalina.startup.HostConfig.deployDirectory Deployment of web application directory /polinsight/tomcat/webapps/ROOT has finished in 141 ms
03-May-2021 20:17:54.737 정보 [main] org.apache.coyote.AbstractProtocol.start Starting ProtocolHandler ["http-nio-8121"]
03-May-2021 20:17:54.740 정보 [main] org.apache.catalina.startup.Catalina.start Server startup in 637 ms
03-May-2021 20:18:01.191 정보 [main] org.apache.catalina.core.AprLifecycleListener.lifecycleEvent The APR based Apache Tomcat Native library which allows optimal performance in production environments was not found on the java.library.path: /home/hosting_users/usr/local/fakechroot/lib/fakechroot:/usr/local/fakechroot/lib/fakechroot:/home/hosting_users/usr/lib:/home/hosting_users/lib:/usr/local/mysql/lib:/usr/java/packages/lib/amd64:/usr/lib64:/lib64:/lib:/usr/lib
03-May-2021 20:18:01.234 정보 [main] org.apache.coyote.AbstractProtocol.init Initializing ProtocolHandler ["http-nio-8121"]
03-May-2021 20:18:01.242 정보 [main] org.apache.tomcat.util.net.NioSelectorPool.getSharedSelector Using a shared selector for servlet write/read
03-May-2021 20:18:01.243 정보 [main] org.apache.catalina.startup.Catalina.load Initialization processed in 204 ms
03-May-2021 20:18:01.253 정보 [main] org.apache.catalina.core.StandardService.startInternal Starting service polinsight
03-May-2021 20:18:01.253 정보 [main] org.apache.catalina.core.StandardEngine.startInternal Starting Servlet Engine: Apache Tomcat/8.0.50
03-May-2021 20:18:01.256 정보 [polinsight.cafe24.com-startStop-1] org.apache.catalina.startup.HostConfig.deployDirectory Deploying web application directory /polinsight/tomcat/webapps/host-manager
03-May-2021 20:18:01.564 정보 [polinsight.cafe24.com-startStop-1] org.apache.jasper.servlet.TldScanner.scanJars At least one JAR was scanned for TLDs yet contained no TLDs. Enable debug logging for this logger for a complete list of JARs that were scanned but no TLDs were found in them. Skipping unneeded JARs during scanning can improve startup time and JSP compilation time.
03-May-2021 20:18:01.601 정보 [polinsight.cafe24.com-startStop-1] org.apache.catalina.startup.HostConfig.deployDirectory Deployment of web application directory /polinsight/tomcat/webapps/host-manager has finished in 344 ms
03-May-2021 20:18:01.601 정보 [polinsight.cafe24.com-startStop-1] org.apache.catalina.startup.HostConfig.deployDirectory Deploying web application directory /polinsight/tomcat/webapps/manager
03-May-2021 20:18:01.751 정보 [polinsight.cafe24.com-startStop-1] org.apache.jasper.servlet.TldScanner.scanJars At least one JAR was scanned for TLDs yet contained no TLDs. Enable debug logging for this logger for a complete list of JARs that were scanned but no TLDs were found in them. Skipping unneeded JARs during scanning can improve startup time and JSP compilation time.
03-May-2021 20:18:01.752 정보 [polinsight.cafe24.com-startStop-1] org.apache.catalina.startup.HostConfig.deployDirectory Deployment of web application directory /polinsight/tomcat/webapps/manager has finished in 151 ms
03-May-2021 20:18:01.752 정보 [polinsight.cafe24.com-startStop-1] org.apache.catalina.startup.HostConfig.deployDirectory Deploying web application directory /polinsight/tomcat/webapps/ROOT
03-May-2021 20:18:01.893 정보 [polinsight.cafe24.com-startStop-1] org.apache.jasper.servlet.TldScanner.scanJars At least one JAR was scanned for TLDs yet contained no TLDs. Enable debug logging for this logger for a complete list of JARs that were scanned but no TLDs were found in them. Skipping unneeded JARs during scanning can improve startup time and JSP compilation time.
03-May-2021 20:18:01.894 정보 [polinsight.cafe24.com-startStop-1] org.apache.catalina.startup.HostConfig.deployDirectory Deployment of web application directory /polinsight/tomcat/webapps/ROOT has finished in 142 ms
03-May-2021 20:18:01.896 정보 [main] org.apache.coyote.AbstractProtocol.start Starting ProtocolHandler ["http-nio-8121"]
03-May-2021 20:18:01.899 정보 [main] org.apache.catalina.startup.Catalina.start Server startup in 655 ms
03-May-2021 20:29:51.084 정보 [main] org.apache.catalina.core.AprLifecycleListener.lifecycleEvent The APR based Apache Tomcat Native library which allows optimal performance in production environments was not found on the java.library.path: /home/hosting_users/usr/local/fakechroot/lib/fakechroot:/usr/local/fakechroot/lib/fakechroot:/home/hosting_users/usr/lib:/home/hosting_users/lib:/usr/local/mysql/lib:/usr/java/packages/lib/amd64:/usr/lib64:/lib64:/lib:/usr/lib
03-May-2021 20:29:51.128 정보 [main] org.apache.coyote.AbstractProtocol.init Initializing ProtocolHandler ["http-nio-8121"]
03-May-2021 20:29:51.136 정보 [main] org.apache.tomcat.util.net.NioSelectorPool.getSharedSelector Using a shared selector for servlet write/read
03-May-2021 20:29:51.137 정보 [main] org.apache.catalina.startup.Catalina.load Initialization processed in 205 ms
03-May-2021 20:29:51.146 정보 [main] org.apache.catalina.core.StandardService.startInternal Starting service polinsight
03-May-2021 20:29:51.147 정보 [main] org.apache.catalina.core.StandardEngine.startInternal Starting Servlet Engine: Apache Tomcat/8.0.50
03-May-2021 20:29:51.150 정보 [polinsight.cafe24.com-startStop-1] org.apache.catalina.startup.HostConfig.deployDirectory Deploying web application directory /polinsight/tomcat/webapps/host-manager
03-May-2021 20:29:51.418 정보 [polinsight.cafe24.com-startStop-1] org.apache.jasper.servlet.TldScanner.scanJars At least one JAR was scanned for TLDs yet contained no TLDs. Enable debug logging for this logger for a complete list of JARs that were scanned but no TLDs were found in them. Skipping unneeded JARs during scanning can improve startup time and JSP compilation time.
03-May-2021 20:29:51.441 정보 [polinsight.cafe24.com-startStop-1] org.apache.catalina.startup.HostConfig.deployDirectory Deployment of web application directory /polinsight/tomcat/webapps/host-manager has finished in 291 ms
03-May-2021 20:29:51.442 정보 [polinsight.cafe24.com-startStop-1] org.apache.catalina.startup.HostConfig.deployDirectory Deploying web application directory /polinsight/tomcat/webapps/manager
03-May-2021 20:29:51.582 정보 [polinsight.cafe24.com-startStop-1] org.apache.jasper.servlet.TldScanner.scanJars At least one JAR was scanned for TLDs yet contained no TLDs. Enable debug logging for this logger for a complete list of JARs that were scanned but no TLDs were found in them. Skipping unneeded JARs during scanning can improve startup time and JSP compilation time.
03-May-2021 20:29:51.583 정보 [polinsight.cafe24.com-startStop-1] org.apache.catalina.startup.HostConfig.deployDirectory Deployment of web application directory /polinsight/tomcat/webapps/manager has finished in 141 ms
03-May-2021 20:29:51.583 정보 [polinsight.cafe24.com-startStop-1] org.apache.catalina.startup.HostConfig.deployDirectory Deploying web application directory /polinsight/tomcat/webapps/ROOT
03-May-2021 20:29:51.718 정보 [polinsight.cafe24.com-startStop-1] org.apache.jasper.servlet.TldScanner.scanJars At least one JAR was scanned for TLDs yet contained no TLDs. Enable debug logging for this logger for a complete list of JARs that were scanned but no TLDs were found in them. Skipping unneeded JARs during scanning can improve startup time and JSP compilation time.
03-May-2021 20:29:51.719 정보 [polinsight.cafe24.com-startStop-1] org.apache.catalina.startup.HostConfig.deployDirectory Deployment of web application directory /polinsight/tomcat/webapps/ROOT has finished in 136 ms
03-May-2021 20:29:51.721 정보 [main] org.apache.coyote.AbstractProtocol.start Starting ProtocolHandler ["http-nio-8121"]
03-May-2021 20:29:51.724 정보 [main] org.apache.catalina.startup.Catalina.start Server startup in 587 ms
03-May-2021 20:30:05.252 정보 [main] org.apache.catalina.core.AprLifecycleListener.lifecycleEvent The APR based Apache Tomcat Native library which allows optimal performance in production environments was not found on the java.library.path: /home/hosting_users/usr/local/fakechroot/lib/fakechroot:/usr/local/fakechroot/lib/fakechroot:/home/hosting_users/usr/lib:/home/hosting_users/lib:/usr/local/mysql/lib:/usr/java/packages/lib/amd64:/usr/lib64:/lib64:/lib:/usr/lib
03-May-2021 20:30:05.295 정보 [main] org.apache.coyote.AbstractProtocol.init Initializing ProtocolHandler ["http-nio-8121"]
03-May-2021 20:30:05.303 정보 [main] org.apache.tomcat.util.net.NioSelectorPool.getSharedSelector Using a shared selector for servlet write/read
03-May-2021 20:30:05.304 정보 [main] org.apache.catalina.startup.Catalina.load Initialization processed in 202 ms
03-May-2021 20:30:05.313 정보 [main] org.apache.catalina.core.StandardService.startInternal Starting service polinsight
03-May-2021 20:30:05.313 정보 [main] org.apache.catalina.core.StandardEngine.startInternal Starting Servlet Engine: Apache Tomcat/8.0.50
03-May-2021 20:30:05.316 정보 [polinsight.cafe24.com-startStop-1] org.apache.catalina.startup.HostConfig.deployDirectory Deploying web application directory /polinsight/tomcat/webapps/host-manager
03-May-2021 20:30:05.586 정보 [polinsight.cafe24.com-startStop-1] org.apache.jasper.servlet.TldScanner.scanJars At least one JAR was scanned for TLDs yet contained no TLDs. Enable debug logging for this logger for a complete list of JARs that were scanned but no TLDs were found in them. Skipping unneeded JARs during scanning can improve startup time and JSP compilation time.
03-May-2021 20:30:05.610 정보 [polinsight.cafe24.com-startStop-1] org.apache.catalina.startup.HostConfig.deployDirectory Deployment of web application directory /polinsight/tomcat/webapps/host-manager has finished in 293 ms
03-May-2021 20:30:05.610 정보 [polinsight.cafe24.com-startStop-1] org.apache.catalina.startup.HostConfig.deployDirectory Deploying web application directory /polinsight/tomcat/webapps/manager
03-May-2021 20:30:05.753 정보 [polinsight.cafe24.com-startStop-1] org.apache.jasper.servlet.TldScanner.scanJars At least one JAR was scanned for TLDs yet contained no TLDs. Enable debug logging for this logger for a complete list of JARs that were scanned but no TLDs were found in them. Skipping unneeded JARs during scanning can improve startup time and JSP compilation time.
03-May-2021 20:30:05.754 정보 [polinsight.cafe24.com-startStop-1] org.apache.catalina.startup.HostConfig.deployDirectory Deployment of web application directory /polinsight/tomcat/webapps/manager has finished in 144 ms
03-May-2021 20:30:05.754 정보 [polinsight.cafe24.com-startStop-1] org.apache.catalina.startup.HostConfig.deployDirectory Deploying web application directory /polinsight/tomcat/webapps/ROOT
03-May-2021 20:30:05.894 정보 [polinsight.cafe24.com-startStop-1] org.apache.jasper.servlet.TldScanner.scanJars At least one JAR was scanned for TLDs yet contained no TLDs. Enable debug logging for this logger for a complete list of JARs that were scanned but no TLDs were found in them. Skipping unneeded JARs during scanning can improve startup time and JSP compilation time.
03-May-2021 20:30:05.896 정보 [polinsight.cafe24.com-startStop-1] org.apache.catalina.startup.HostConfig.deployDirectory Deployment of web application directory /polinsight/tomcat/webapps/ROOT has finished in 142 ms
03-May-2021 20:30:05.897 정보 [main] org.apache.coyote.AbstractProtocol.start Starting ProtocolHandler ["http-nio-8121"]
03-May-2021 20:30:05.901 정보 [main] org.apache.catalina.startup.Catalina.start Server startup in 597 ms
03-May-2021 20:30:28.178 심각 [http-nio-8121-exec-7] org.apache.catalina.core.StandardWrapperValve.invoke Servlet.service() for servlet [jsp] in context with path [] threw exception [javax.servlet.ServletException: java.sql.SQLException: Before start of result set] with root cause
 java.sql.SQLException: Before start of result set
	at com.mysql.jdbc.SQLError.createSQLException(SQLError.java:998)
	at com.mysql.jdbc.SQLError.createSQLException(SQLError.java:937)
	at com.mysql.jdbc.SQLError.createSQLException(SQLError.java:926)
	at com.mysql.jdbc.SQLError.createSQLException(SQLError.java:872)
	at com.mysql.jdbc.ResultSetImpl.checkRowPos(ResultSetImpl.java:787)
	at com.mysql.jdbc.ResultSetImpl.getStringInternal(ResultSetImpl.java:5244)
	at com.mysql.jdbc.ResultSetImpl.getString(ResultSetImpl.java:5167)
	at com.mysql.jdbc.ResultSetImpl.getString(ResultSetImpl.java:5206)
	at org.apache.tomcat.dbcp.dbcp2.DelegatingResultSet.getString(DelegatingResultSet.java:266)
	at org.apache.tomcat.dbcp.dbcp2.DelegatingResultSet.getString(DelegatingResultSet.java:266)
	at org.apache.jsp.Account_jsp._jspService(Account_jsp.java:167)
	at org.apache.jasper.runtime.HttpJspBase.service(HttpJspBase.java:70)
	at javax.servlet.http.HttpServlet.service(HttpServlet.java:729)
	at org.apache.jasper.servlet.JspServletWrapper.service(JspServletWrapper.java:438)
	at org.apache.jasper.servlet.JspServlet.serviceJspFile(JspServlet.java:396)
	at org.apache.jasper.servlet.JspServlet.service(JspServlet.java:340)
	at javax.servlet.http.HttpServlet.service(HttpServlet.java:729)
	at org.apache.catalina.core.ApplicationFilterChain.internalDoFilter(ApplicationFilterChain.java:292)
	at org.apache.catalina.core.ApplicationFilterChain.doFilter(ApplicationFilterChain.java:207)
	at org.apache.tomcat.websocket.server.WsFilter.doFilter(WsFilter.java:52)
	at org.apache.catalina.core.ApplicationFilterChain.internalDoFilter(ApplicationFilterChain.java:240)
	at org.apache.catalina.core.ApplicationFilterChain.doFilter(ApplicationFilterChain.java:207)
	at org.apache.catalina.core.StandardWrapperValve.invoke(StandardWrapperValve.java:212)
	at org.apache.catalina.core.StandardContextValve.invoke(StandardContextValve.java:94)
	at org.apache.catalina.core.StandardHostValve.invoke(StandardHostValve.java:141)
	at org.apache.catalina.valves.ErrorReportValve.invoke(ErrorReportValve.java:79)
	at org.apache.catalina.core.StandardEngineValve.invoke(StandardEngineValve.java:88)
	at org.apache.catalina.connector.CoyoteAdapter.service(CoyoteAdapter.java:502)
	at org.apache.coyote.http11.AbstractHttp11Processor.process(AbstractHttp11Processor.java:1132)
	at org.apache.coyote.AbstractProtocol$AbstractConnectionHandler.process(AbstractProtocol.java:684)
	at org.apache.tomcat.util.net.NioEndpoint$SocketProcessor.doRun(NioEndpoint.java:1539)
	at org.apache.tomcat.util.net.NioEndpoint$SocketProcessor.run(NioEndpoint.java:1495)
	at java.util.concurrent.ThreadPoolExecutor.runWorker(ThreadPoolExecutor.java:1142)
	at java.util.concurrent.ThreadPoolExecutor$Worker.run(ThreadPoolExecutor.java:617)
	at org.apache.tomcat.util.threads.TaskThread$WrappingRunnable.run(TaskThread.java:61)
	at java.lang.Thread.run(Thread.java:745)

03-May-2021 20:32:51.961 심각 [http-nio-8121-exec-1] org.apache.catalina.core.StandardWrapperValve.invoke Servlet.service() for servlet [jsp] in context with path [] threw exception [An exception occurred processing JSP page /UpdatePro.jsp at line 23

20: 	pstmt.setString(2, email);
21: 	pstmt.setString(3, s_id);
22: 
23: 	int rs = pstmt.executeUpdate();
24: 
25: 	if (rs > 0) {
26: 		out.println("<script language='javascript'>");


Stacktrace:] with root cause
 com.mysql.jdbc.exceptions.jdbc4.MySQLIntegrityConstraintViolationException: Column 'password' cannot be null
	at sun.reflect.NativeConstructorAccessorImpl.newInstance0(Native Method)
	at sun.reflect.NativeConstructorAccessorImpl.newInstance(NativeConstructorAccessorImpl.java:62)
	at sun.reflect.DelegatingConstructorAccessorImpl.newInstance(DelegatingConstructorAccessorImpl.java:45)
	at java.lang.reflect.Constructor.newInstance(Constructor.java:423)
	at com.mysql.jdbc.Util.handleNewInstance(Util.java:389)
	at com.mysql.jdbc.Util.getInstance(Util.java:372)
	at com.mysql.jdbc.SQLError.createSQLException(SQLError.java:973)
	at com.mysql.jdbc.MysqlIO.checkErrorPacket(MysqlIO.java:3835)
	at com.mysql.jdbc.MysqlIO.checkErrorPacket(MysqlIO.java:3771)
	at com.mysql.jdbc.MysqlIO.sendCommand(MysqlIO.java:2435)
	at com.mysql.jdbc.MysqlIO.sqlQueryDirect(MysqlIO.java:2582)
	at com.mysql.jdbc.ConnectionImpl.execSQL(ConnectionImpl.java:2535)
	at com.mysql.jdbc.PreparedStatement.executeInternal(PreparedStatement.java:1911)
	at com.mysql.jdbc.PreparedStatement.executeUpdate(PreparedStatement.java:2145)
	at com.mysql.jdbc.PreparedStatement.executeUpdate(PreparedStatement.java:2081)
	at com.mysql.jdbc.PreparedStatement.executeUpdate(PreparedStatement.java:2066)
	at org.apache.tomcat.dbcp.dbcp2.DelegatingPreparedStatement.executeUpdate(DelegatingPreparedStatement.java:97)
	at org.apache.tomcat.dbcp.dbcp2.DelegatingPreparedStatement.executeUpdate(DelegatingPreparedStatement.java:97)
	at org.apache.jsp.UpdatePro_jsp._jspService(UpdatePro_jsp.java:135)
	at org.apache.jasper.runtime.HttpJspBase.service(HttpJspBase.java:70)
	at javax.servlet.http.HttpServlet.service(HttpServlet.java:729)
	at org.apache.jasper.servlet.JspServletWrapper.service(JspServletWrapper.java:438)
	at org.apache.jasper.servlet.JspServlet.serviceJspFile(JspServlet.java:396)
	at org.apache.jasper.servlet.JspServlet.service(JspServlet.java:340)
	at javax.servlet.http.HttpServlet.service(HttpServlet.java:729)
	at org.apache.catalina.core.ApplicationFilterChain.internalDoFilter(ApplicationFilterChain.java:292)
	at org.apache.catalina.core.ApplicationFilterChain.doFilter(ApplicationFilterChain.java:207)
	at org.apache.tomcat.websocket.server.WsFilter.doFilter(WsFilter.java:52)
	at org.apache.catalina.core.ApplicationFilterChain.internalDoFilter(ApplicationFilterChain.java:240)
	at org.apache.catalina.core.ApplicationFilterChain.doFilter(ApplicationFilterChain.java:207)
	at org.apache.catalina.core.StandardWrapperValve.invoke(StandardWrapperValve.java:212)
	at org.apache.catalina.core.StandardContextValve.invoke(StandardContextValve.java:94)
	at org.apache.catalina.core.StandardHostValve.invoke(StandardHostValve.java:141)
	at org.apache.catalina.valves.ErrorReportValve.invoke(ErrorReportValve.java:79)
	at org.apache.catalina.core.StandardEngineValve.invoke(StandardEngineValve.java:88)
	at org.apache.catalina.connector.CoyoteAdapter.service(CoyoteAdapter.java:502)
	at org.apache.coyote.http11.AbstractHttp11Processor.process(AbstractHttp11Processor.java:1132)
	at org.apache.coyote.AbstractProtocol$AbstractConnectionHandler.process(AbstractProtocol.java:684)
	at org.apache.tomcat.util.net.NioEndpoint$SocketProcessor.doRun(NioEndpoint.java:1539)
	at org.apache.tomcat.util.net.NioEndpoint$SocketProcessor.run(NioEndpoint.java:1495)
	at java.util.concurrent.ThreadPoolExecutor.runWorker(ThreadPoolExecutor.java:1142)
	at java.util.concurrent.ThreadPoolExecutor$Worker.run(ThreadPoolExecutor.java:617)
	at org.apache.tomcat.util.threads.TaskThread$WrappingRunnable.run(TaskThread.java:61)
	at java.lang.Thread.run(Thread.java:745)

03-May-2021 20:35:03.741 정보 [main] org.apache.catalina.core.AprLifecycleListener.lifecycleEvent The APR based Apache Tomcat Native library which allows optimal performance in production environments was not found on the java.library.path: /home/hosting_users/usr/local/fakechroot/lib/fakechroot:/usr/local/fakechroot/lib/fakechroot:/home/hosting_users/usr/lib:/home/hosting_users/lib:/usr/local/mysql/lib:/usr/java/packages/lib/amd64:/usr/lib64:/lib64:/lib:/usr/lib
03-May-2021 20:35:03.785 정보 [main] org.apache.coyote.AbstractProtocol.init Initializing ProtocolHandler ["http-nio-8121"]
03-May-2021 20:35:03.794 정보 [main] org.apache.tomcat.util.net.NioSelectorPool.getSharedSelector Using a shared selector for servlet write/read
03-May-2021 20:35:03.795 정보 [main] org.apache.catalina.startup.Catalina.load Initialization processed in 216 ms
03-May-2021 20:35:03.804 정보 [main] org.apache.catalina.core.StandardService.startInternal Starting service polinsight
03-May-2021 20:35:03.804 정보 [main] org.apache.catalina.core.StandardEngine.startInternal Starting Servlet Engine: Apache Tomcat/8.0.50
03-May-2021 20:35:03.807 정보 [polinsight.cafe24.com-startStop-1] org.apache.catalina.startup.HostConfig.deployDirectory Deploying web application directory /polinsight/tomcat/webapps/host-manager
03-May-2021 20:35:04.085 정보 [polinsight.cafe24.com-startStop-1] org.apache.jasper.servlet.TldScanner.scanJars At least one JAR was scanned for TLDs yet contained no TLDs. Enable debug logging for this logger for a complete list of JARs that were scanned but no TLDs were found in them. Skipping unneeded JARs during scanning can improve startup time and JSP compilation time.
03-May-2021 20:35:04.110 정보 [polinsight.cafe24.com-startStop-1] org.apache.catalina.startup.HostConfig.deployDirectory Deployment of web application directory /polinsight/tomcat/webapps/host-manager has finished in 303 ms
03-May-2021 20:35:04.110 정보 [polinsight.cafe24.com-startStop-1] org.apache.catalina.startup.HostConfig.deployDirectory Deploying web application directory /polinsight/tomcat/webapps/manager
03-May-2021 20:35:04.255 정보 [polinsight.cafe24.com-startStop-1] org.apache.jasper.servlet.TldScanner.scanJars At least one JAR was scanned for TLDs yet contained no TLDs. Enable debug logging for this logger for a complete list of JARs that were scanned but no TLDs were found in them. Skipping unneeded JARs during scanning can improve startup time and JSP compilation time.
03-May-2021 20:35:04.256 정보 [polinsight.cafe24.com-startStop-1] org.apache.catalina.startup.HostConfig.deployDirectory Deployment of web application directory /polinsight/tomcat/webapps/manager has finished in 146 ms
03-May-2021 20:35:04.256 정보 [polinsight.cafe24.com-startStop-1] org.apache.catalina.startup.HostConfig.deployDirectory Deploying web application directory /polinsight/tomcat/webapps/ROOT
03-May-2021 20:35:04.392 정보 [polinsight.cafe24.com-startStop-1] org.apache.jasper.servlet.TldScanner.scanJars At least one JAR was scanned for TLDs yet contained no TLDs. Enable debug logging for this logger for a complete list of JARs that were scanned but no TLDs were found in them. Skipping unneeded JARs during scanning can improve startup time and JSP compilation time.
03-May-2021 20:35:04.393 정보 [polinsight.cafe24.com-startStop-1] org.apache.catalina.startup.HostConfig.deployDirectory Deployment of web application directory /polinsight/tomcat/webapps/ROOT has finished in 137 ms
03-May-2021 20:35:04.398 정보 [main] org.apache.coyote.AbstractProtocol.start Starting ProtocolHandler ["http-nio-8121"]
03-May-2021 20:35:04.401 정보 [main] org.apache.catalina.startup.Catalina.start Server startup in 606 ms
03-May-2021 20:35:38.915 정보 [main] org.apache.catalina.core.AprLifecycleListener.lifecycleEvent The APR based Apache Tomcat Native library which allows optimal performance in production environments was not found on the java.library.path: /home/hosting_users/usr/local/fakechroot/lib/fakechroot:/usr/local/fakechroot/lib/fakechroot:/home/hosting_users/usr/lib:/home/hosting_users/lib:/usr/local/mysql/lib:/usr/java/packages/lib/amd64:/usr/lib64:/lib64:/lib:/usr/lib
03-May-2021 20:35:38.960 정보 [main] org.apache.coyote.AbstractProtocol.init Initializing ProtocolHandler ["http-nio-8121"]
03-May-2021 20:35:38.968 정보 [main] org.apache.tomcat.util.net.NioSelectorPool.getSharedSelector Using a shared selector for servlet write/read
03-May-2021 20:35:38.969 정보 [main] org.apache.catalina.startup.Catalina.load Initialization processed in 212 ms
03-May-2021 20:35:38.979 정보 [main] org.apache.catalina.core.StandardService.startInternal Starting service polinsight
03-May-2021 20:35:38.979 정보 [main] org.apache.catalina.core.StandardEngine.startInternal Starting Servlet Engine: Apache Tomcat/8.0.50
03-May-2021 20:35:38.982 정보 [polinsight.cafe24.com-startStop-1] org.apache.catalina.startup.HostConfig.deployDirectory Deploying web application directory /polinsight/tomcat/webapps/host-manager
03-May-2021 20:35:39.262 정보 [polinsight.cafe24.com-startStop-1] org.apache.jasper.servlet.TldScanner.scanJars At least one JAR was scanned for TLDs yet contained no TLDs. Enable debug logging for this logger for a complete list of JARs that were scanned but no TLDs were found in them. Skipping unneeded JARs during scanning can improve startup time and JSP compilation time.
03-May-2021 20:35:39.286 정보 [polinsight.cafe24.com-startStop-1] org.apache.catalina.startup.HostConfig.deployDirectory Deployment of web application directory /polinsight/tomcat/webapps/host-manager has finished in 303 ms
03-May-2021 20:35:39.286 정보 [polinsight.cafe24.com-startStop-1] org.apache.catalina.startup.HostConfig.deployDirectory Deploying web application directory /polinsight/tomcat/webapps/manager
03-May-2021 20:35:39.431 정보 [polinsight.cafe24.com-startStop-1] org.apache.jasper.servlet.TldScanner.scanJars At least one JAR was scanned for TLDs yet contained no TLDs. Enable debug logging for this logger for a complete list of JARs that were scanned but no TLDs were found in them. Skipping unneeded JARs during scanning can improve startup time and JSP compilation time.
03-May-2021 20:35:39.432 정보 [polinsight.cafe24.com-startStop-1] org.apache.catalina.startup.HostConfig.deployDirectory Deployment of web application directory /polinsight/tomcat/webapps/manager has finished in 146 ms
03-May-2021 20:35:39.432 정보 [polinsight.cafe24.com-startStop-1] org.apache.catalina.startup.HostConfig.deployDirectory Deploying web application directory /polinsight/tomcat/webapps/ROOT
03-May-2021 20:35:39.568 정보 [polinsight.cafe24.com-startStop-1] org.apache.jasper.servlet.TldScanner.scanJars At least one JAR was scanned for TLDs yet contained no TLDs. Enable debug logging for this logger for a complete list of JARs that were scanned but no TLDs were found in them. Skipping unneeded JARs during scanning can improve startup time and JSP compilation time.
03-May-2021 20:35:39.570 정보 [polinsight.cafe24.com-startStop-1] org.apache.catalina.startup.HostConfig.deployDirectory Deployment of web application directory /polinsight/tomcat/webapps/ROOT has finished in 138 ms
03-May-2021 20:35:39.571 정보 [main] org.apache.coyote.AbstractProtocol.start Starting ProtocolHandler ["http-nio-8121"]
03-May-2021 20:35:39.574 정보 [main] org.apache.catalina.startup.Catalina.start Server startup in 604 ms
03-May-2021 20:51:15.143 정보 [main] org.apache.catalina.core.AprLifecycleListener.lifecycleEvent The APR based Apache Tomcat Native library which allows optimal performance in production environments was not found on the java.library.path: /home/hosting_users/usr/local/fakechroot/lib/fakechroot:/usr/local/fakechroot/lib/fakechroot:/home/hosting_users/usr/lib:/home/hosting_users/lib:/usr/local/mysql/lib:/usr/java/packages/lib/amd64:/usr/lib64:/lib64:/lib:/usr/lib
03-May-2021 20:51:15.188 정보 [main] org.apache.coyote.AbstractProtocol.init Initializing ProtocolHandler ["http-nio-8121"]
03-May-2021 20:51:15.196 정보 [main] org.apache.tomcat.util.net.NioSelectorPool.getSharedSelector Using a shared selector for servlet write/read
03-May-2021 20:51:15.197 정보 [main] org.apache.catalina.startup.Catalina.load Initialization processed in 204 ms
03-May-2021 20:51:15.206 정보 [main] org.apache.catalina.core.StandardService.startInternal Starting service polinsight
03-May-2021 20:51:15.206 정보 [main] org.apache.catalina.core.StandardEngine.startInternal Starting Servlet Engine: Apache Tomcat/8.0.50
03-May-2021 20:51:15.210 정보 [polinsight.cafe24.com-startStop-1] org.apache.catalina.startup.HostConfig.deployDirectory Deploying web application directory /polinsight/tomcat/webapps/host-manager
03-May-2021 20:51:15.480 정보 [polinsight.cafe24.com-startStop-1] org.apache.jasper.servlet.TldScanner.scanJars At least one JAR was scanned for TLDs yet contained no TLDs. Enable debug logging for this logger for a complete list of JARs that were scanned but no TLDs were found in them. Skipping unneeded JARs during scanning can improve startup time and JSP compilation time.
03-May-2021 20:51:15.504 정보 [polinsight.cafe24.com-startStop-1] org.apache.catalina.startup.HostConfig.deployDirectory Deployment of web application directory /polinsight/tomcat/webapps/host-manager has finished in 294 ms
03-May-2021 20:51:15.504 정보 [polinsight.cafe24.com-startStop-1] org.apache.catalina.startup.HostConfig.deployDirectory Deploying web application directory /polinsight/tomcat/webapps/manager
03-May-2021 20:51:15.647 정보 [polinsight.cafe24.com-startStop-1] org.apache.jasper.servlet.TldScanner.scanJars At least one JAR was scanned for TLDs yet contained no TLDs. Enable debug logging for this logger for a complete list of JARs that were scanned but no TLDs were found in them. Skipping unneeded JARs during scanning can improve startup time and JSP compilation time.
03-May-2021 20:51:15.648 정보 [polinsight.cafe24.com-startStop-1] org.apache.catalina.startup.HostConfig.deployDirectory Deployment of web application directory /polinsight/tomcat/webapps/manager has finished in 144 ms
03-May-2021 20:51:15.648 정보 [polinsight.cafe24.com-startStop-1] org.apache.catalina.startup.HostConfig.deployDirectory Deploying web application directory /polinsight/tomcat/webapps/ROOT
03-May-2021 20:51:15.781 정보 [polinsight.cafe24.com-startStop-1] org.apache.jasper.servlet.TldScanner.scanJars At least one JAR was scanned for TLDs yet contained no TLDs. Enable debug logging for this logger for a complete list of JARs that were scanned but no TLDs were found in them. Skipping unneeded JARs during scanning can improve startup time and JSP compilation time.
03-May-2021 20:51:15.782 정보 [polinsight.cafe24.com-startStop-1] org.apache.catalina.startup.HostConfig.deployDirectory Deployment of web application directory /polinsight/tomcat/webapps/ROOT has finished in 134 ms
03-May-2021 20:51:15.785 정보 [main] org.apache.coyote.AbstractProtocol.start Starting ProtocolHandler ["http-nio-8121"]
03-May-2021 20:51:15.788 정보 [main] org.apache.catalina.startup.Catalina.start Server startup in 591 ms
03-May-2021 21:21:39.002 정보 [main] org.apache.catalina.core.AprLifecycleListener.lifecycleEvent The APR based Apache Tomcat Native library which allows optimal performance in production environments was not found on the java.library.path: /home/hosting_users/usr/local/fakechroot/lib/fakechroot:/usr/local/fakechroot/lib/fakechroot:/home/hosting_users/usr/lib:/home/hosting_users/lib:/usr/local/mysql/lib:/usr/java/packages/lib/amd64:/usr/lib64:/lib64:/lib:/usr/lib
03-May-2021 21:21:39.046 정보 [main] org.apache.coyote.AbstractProtocol.init Initializing ProtocolHandler ["http-nio-8121"]
03-May-2021 21:21:39.054 정보 [main] org.apache.tomcat.util.net.NioSelectorPool.getSharedSelector Using a shared selector for servlet write/read
03-May-2021 21:21:39.055 정보 [main] org.apache.catalina.startup.Catalina.load Initialization processed in 208 ms
03-May-2021 21:21:39.064 정보 [main] org.apache.catalina.core.StandardService.startInternal Starting service polinsight
03-May-2021 21:21:39.064 정보 [main] org.apache.catalina.core.StandardEngine.startInternal Starting Servlet Engine: Apache Tomcat/8.0.50
03-May-2021 21:21:39.067 정보 [polinsight.cafe24.com-startStop-1] org.apache.catalina.startup.HostConfig.deployDirectory Deploying web application directory /polinsight/tomcat/webapps/host-manager
03-May-2021 21:21:39.338 정보 [polinsight.cafe24.com-startStop-1] org.apache.jasper.servlet.TldScanner.scanJars At least one JAR was scanned for TLDs yet contained no TLDs. Enable debug logging for this logger for a complete list of JARs that were scanned but no TLDs were found in them. Skipping unneeded JARs during scanning can improve startup time and JSP compilation time.
03-May-2021 21:21:39.362 정보 [polinsight.cafe24.com-startStop-1] org.apache.catalina.startup.HostConfig.deployDirectory Deployment of web application directory /polinsight/tomcat/webapps/host-manager has finished in 295 ms
03-May-2021 21:21:39.362 정보 [polinsight.cafe24.com-startStop-1] org.apache.catalina.startup.HostConfig.deployDirectory Deploying web application directory /polinsight/tomcat/webapps/manager
03-May-2021 21:21:39.502 정보 [polinsight.cafe24.com-startStop-1] org.apache.jasper.servlet.TldScanner.scanJars At least one JAR was scanned for TLDs yet contained no TLDs. Enable debug logging for this logger for a complete list of JARs that were scanned but no TLDs were found in them. Skipping unneeded JARs during scanning can improve startup time and JSP compilation time.
03-May-2021 21:21:39.503 정보 [polinsight.cafe24.com-startStop-1] org.apache.catalina.startup.HostConfig.deployDirectory Deployment of web application directory /polinsight/tomcat/webapps/manager has finished in 141 ms
03-May-2021 21:21:39.504 정보 [polinsight.cafe24.com-startStop-1] org.apache.catalina.startup.HostConfig.deployDirectory Deploying web application directory /polinsight/tomcat/webapps/ROOT
03-May-2021 21:21:39.639 정보 [polinsight.cafe24.com-startStop-1] org.apache.jasper.servlet.TldScanner.scanJars At least one JAR was scanned for TLDs yet contained no TLDs. Enable debug logging for this logger for a complete list of JARs that were scanned but no TLDs were found in them. Skipping unneeded JARs during scanning can improve startup time and JSP compilation time.
03-May-2021 21:21:39.640 정보 [polinsight.cafe24.com-startStop-1] org.apache.catalina.startup.HostConfig.deployDirectory Deployment of web application directory /polinsight/tomcat/webapps/ROOT has finished in 136 ms
03-May-2021 21:21:39.643 정보 [main] org.apache.coyote.AbstractProtocol.start Starting ProtocolHandler ["http-nio-8121"]
03-May-2021 21:21:39.646 정보 [main] org.apache.catalina.startup.Catalina.start Server startup in 590 ms
03-May-2021 21:59:35.551 심각 [http-nio-8121-exec-10] org.apache.catalina.core.StandardWrapperValve.invoke Servlet.service() for servlet [jsp] in context with path [] threw exception [java.lang.IllegalStateException: Exception occurred when flushing data] with root cause
 java.io.IOException: Stream closed
	at org.apache.jasper.runtime.JspWriterImpl.ensureOpen(JspWriterImpl.java:200)
	at org.apache.jasper.runtime.JspWriterImpl.flushBuffer(JspWriterImpl.java:105)
	at org.apache.jasper.runtime.PageContextImpl.release(PageContextImpl.java:184)
	at org.apache.jasper.runtime.JspFactoryImpl.internalReleasePageContext(JspFactoryImpl.java:120)
	at org.apache.jasper.runtime.JspFactoryImpl.releasePageContext(JspFactoryImpl.java:75)
	at org.apache.jsp.MemberIdCheck_jsp._jspService(MemberIdCheck_jsp.java:158)
	at org.apache.jasper.runtime.HttpJspBase.service(HttpJspBase.java:70)
	at javax.servlet.http.HttpServlet.service(HttpServlet.java:729)
	at org.apache.jasper.servlet.JspServletWrapper.service(JspServletWrapper.java:438)
	at org.apache.jasper.servlet.JspServlet.serviceJspFile(JspServlet.java:396)
	at org.apache.jasper.servlet.JspServlet.service(JspServlet.java:340)
	at javax.servlet.http.HttpServlet.service(HttpServlet.java:729)
	at org.apache.catalina.core.ApplicationFilterChain.internalDoFilter(ApplicationFilterChain.java:292)
	at org.apache.catalina.core.ApplicationFilterChain.doFilter(ApplicationFilterChain.java:207)
	at org.apache.tomcat.websocket.server.WsFilter.doFilter(WsFilter.java:52)
	at org.apache.catalina.core.ApplicationFilterChain.internalDoFilter(ApplicationFilterChain.java:240)
	at org.apache.catalina.core.ApplicationFilterChain.doFilter(ApplicationFilterChain.java:207)
	at org.apache.catalina.core.StandardWrapperValve.invoke(StandardWrapperValve.java:212)
	at org.apache.catalina.core.StandardContextValve.invoke(StandardContextValve.java:94)
	at org.apache.catalina.core.StandardHostValve.invoke(StandardHostValve.java:141)
	at org.apache.catalina.valves.ErrorReportValve.invoke(ErrorReportValve.java:79)
	at org.apache.catalina.core.StandardEngineValve.invoke(StandardEngineValve.java:88)
	at org.apache.catalina.connector.CoyoteAdapter.service(CoyoteAdapter.java:502)
	at org.apache.coyote.http11.AbstractHttp11Processor.process(AbstractHttp11Processor.java:1132)
	at org.apache.coyote.AbstractProtocol$AbstractConnectionHandler.process(AbstractProtocol.java:684)
	at org.apache.tomcat.util.net.NioEndpoint$SocketProcessor.doRun(NioEndpoint.java:1539)
	at org.apache.tomcat.util.net.NioEndpoint$SocketProcessor.run(NioEndpoint.java:1495)
	at java.util.concurrent.ThreadPoolExecutor.runWorker(ThreadPoolExecutor.java:1142)
	at java.util.concurrent.ThreadPoolExecutor$Worker.run(ThreadPoolExecutor.java:617)
	at org.apache.tomcat.util.threads.TaskThread$WrappingRunnable.run(TaskThread.java:61)
	at java.lang.Thread.run(Thread.java:745)

03-May-2021 23:04:01.317 심각 [http-nio-8121-exec-7] org.apache.catalina.core.StandardWrapperValve.invoke Servlet.service() for servlet [jsp] in context with path [] threw exception [java.lang.IllegalStateException: Exception occurred when flushing data] with root cause
 java.io.IOException: Stream closed
	at org.apache.jasper.runtime.JspWriterImpl.ensureOpen(JspWriterImpl.java:200)
	at org.apache.jasper.runtime.JspWriterImpl.flushBuffer(JspWriterImpl.java:105)
	at org.apache.jasper.runtime.PageContextImpl.release(PageContextImpl.java:184)
	at org.apache.jasper.runtime.JspFactoryImpl.internalReleasePageContext(JspFactoryImpl.java:120)
	at org.apache.jasper.runtime.JspFactoryImpl.releasePageContext(JspFactoryImpl.java:75)
	at org.apache.jsp.MemberIdCheck_jsp._jspService(MemberIdCheck_jsp.java:158)
	at org.apache.jasper.runtime.HttpJspBase.service(HttpJspBase.java:70)
	at javax.servlet.http.HttpServlet.service(HttpServlet.java:729)
	at org.apache.jasper.servlet.JspServletWrapper.service(JspServletWrapper.java:438)
	at org.apache.jasper.servlet.JspServlet.serviceJspFile(JspServlet.java:396)
	at org.apache.jasper.servlet.JspServlet.service(JspServlet.java:340)
	at javax.servlet.http.HttpServlet.service(HttpServlet.java:729)
	at org.apache.catalina.core.ApplicationFilterChain.internalDoFilter(ApplicationFilterChain.java:292)
	at org.apache.catalina.core.ApplicationFilterChain.doFilter(ApplicationFilterChain.java:207)
	at org.apache.tomcat.websocket.server.WsFilter.doFilter(WsFilter.java:52)
	at org.apache.catalina.core.ApplicationFilterChain.internalDoFilter(ApplicationFilterChain.java:240)
	at org.apache.catalina.core.ApplicationFilterChain.doFilter(ApplicationFilterChain.java:207)
	at org.apache.catalina.core.StandardWrapperValve.invoke(StandardWrapperValve.java:212)
	at org.apache.catalina.core.StandardContextValve.invoke(StandardContextValve.java:94)
	at org.apache.catalina.core.StandardHostValve.invoke(StandardHostValve.java:141)
	at org.apache.catalina.valves.ErrorReportValve.invoke(ErrorReportValve.java:79)
	at org.apache.catalina.core.StandardEngineValve.invoke(StandardEngineValve.java:88)
	at org.apache.catalina.connector.CoyoteAdapter.service(CoyoteAdapter.java:502)
	at org.apache.coyote.http11.AbstractHttp11Processor.process(AbstractHttp11Processor.java:1132)
	at org.apache.coyote.AbstractProtocol$AbstractConnectionHandler.process(AbstractProtocol.java:684)
	at org.apache.tomcat.util.net.NioEndpoint$SocketProcessor.doRun(NioEndpoint.java:1539)
	at org.apache.tomcat.util.net.NioEndpoint$SocketProcessor.run(NioEndpoint.java:1495)
	at java.util.concurrent.ThreadPoolExecutor.runWorker(ThreadPoolExecutor.java:1142)
	at java.util.concurrent.ThreadPoolExecutor$Worker.run(ThreadPoolExecutor.java:617)
	at org.apache.tomcat.util.threads.TaskThread$WrappingRunnable.run(TaskThread.java:61)
	at java.lang.Thread.run(Thread.java:745)

03-May-2021 23:11:59.789 심각 [http-nio-8121-exec-3] org.apache.catalina.core.StandardWrapperValve.invoke Servlet.service() for servlet [jsp] in context with path [] threw exception [java.lang.IllegalStateException: Exception occurred when flushing data] with root cause
 java.io.IOException: Stream closed
	at org.apache.jasper.runtime.JspWriterImpl.ensureOpen(JspWriterImpl.java:200)
	at org.apache.jasper.runtime.JspWriterImpl.flushBuffer(JspWriterImpl.java:105)
	at org.apache.jasper.runtime.PageContextImpl.release(PageContextImpl.java:184)
	at org.apache.jasper.runtime.JspFactoryImpl.internalReleasePageContext(JspFactoryImpl.java:120)
	at org.apache.jasper.runtime.JspFactoryImpl.releasePageContext(JspFactoryImpl.java:75)
	at org.apache.jsp.MemberIdCheck_jsp._jspService(MemberIdCheck_jsp.java:158)
	at org.apache.jasper.runtime.HttpJspBase.service(HttpJspBase.java:70)
	at javax.servlet.http.HttpServlet.service(HttpServlet.java:729)
	at org.apache.jasper.servlet.JspServletWrapper.service(JspServletWrapper.java:438)
	at org.apache.jasper.servlet.JspServlet.serviceJspFile(JspServlet.java:396)
	at org.apache.jasper.servlet.JspServlet.service(JspServlet.java:340)
	at javax.servlet.http.HttpServlet.service(HttpServlet.java:729)
	at org.apache.catalina.core.ApplicationFilterChain.internalDoFilter(ApplicationFilterChain.java:292)
	at org.apache.catalina.core.ApplicationFilterChain.doFilter(ApplicationFilterChain.java:207)
	at org.apache.tomcat.websocket.server.WsFilter.doFilter(WsFilter.java:52)
	at org.apache.catalina.core.ApplicationFilterChain.internalDoFilter(ApplicationFilterChain.java:240)
	at org.apache.catalina.core.ApplicationFilterChain.doFilter(ApplicationFilterChain.java:207)
	at org.apache.catalina.core.StandardWrapperValve.invoke(StandardWrapperValve.java:212)
	at org.apache.catalina.core.StandardContextValve.invoke(StandardContextValve.java:94)
	at org.apache.catalina.core.StandardHostValve.invoke(StandardHostValve.java:141)
	at org.apache.catalina.valves.ErrorReportValve.invoke(ErrorReportValve.java:79)
	at org.apache.catalina.core.StandardEngineValve.invoke(StandardEngineValve.java:88)
	at org.apache.catalina.connector.CoyoteAdapter.service(CoyoteAdapter.java:502)
	at org.apache.coyote.http11.AbstractHttp11Processor.process(AbstractHttp11Processor.java:1132)
	at org.apache.coyote.AbstractProtocol$AbstractConnectionHandler.process(AbstractProtocol.java:684)
	at org.apache.tomcat.util.net.NioEndpoint$SocketProcessor.doRun(NioEndpoint.java:1539)
	at org.apache.tomcat.util.net.NioEndpoint$SocketProcessor.run(NioEndpoint.java:1495)
	at java.util.concurrent.ThreadPoolExecutor.runWorker(ThreadPoolExecutor.java:1142)
	at java.util.concurrent.ThreadPoolExecutor$Worker.run(ThreadPoolExecutor.java:617)
	at org.apache.tomcat.util.threads.TaskThread$WrappingRunnable.run(TaskThread.java:61)
	at java.lang.Thread.run(Thread.java:745)

03-May-2021 23:20:02.295 심각 [http-nio-8121-exec-9] org.apache.catalina.core.StandardWrapperValve.invoke Servlet.service() for servlet [jsp] in context with path [] threw exception [java.lang.IllegalStateException: Exception occurred when flushing data] with root cause
 java.io.IOException: Stream closed
	at org.apache.jasper.runtime.JspWriterImpl.ensureOpen(JspWriterImpl.java:200)
	at org.apache.jasper.runtime.JspWriterImpl.flushBuffer(JspWriterImpl.java:105)
	at org.apache.jasper.runtime.PageContextImpl.release(PageContextImpl.java:184)
	at org.apache.jasper.runtime.JspFactoryImpl.internalReleasePageContext(JspFactoryImpl.java:120)
	at org.apache.jasper.runtime.JspFactoryImpl.releasePageContext(JspFactoryImpl.java:75)
	at org.apache.jsp.MemberIdCheck_jsp._jspService(MemberIdCheck_jsp.java:158)
	at org.apache.jasper.runtime.HttpJspBase.service(HttpJspBase.java:70)
	at javax.servlet.http.HttpServlet.service(HttpServlet.java:729)
	at org.apache.jasper.servlet.JspServletWrapper.service(JspServletWrapper.java:438)
	at org.apache.jasper.servlet.JspServlet.serviceJspFile(JspServlet.java:396)
	at org.apache.jasper.servlet.JspServlet.service(JspServlet.java:340)
	at javax.servlet.http.HttpServlet.service(HttpServlet.java:729)
	at org.apache.catalina.core.ApplicationFilterChain.internalDoFilter(ApplicationFilterChain.java:292)
	at org.apache.catalina.core.ApplicationFilterChain.doFilter(ApplicationFilterChain.java:207)
	at org.apache.tomcat.websocket.server.WsFilter.doFilter(WsFilter.java:52)
	at org.apache.catalina.core.ApplicationFilterChain.internalDoFilter(ApplicationFilterChain.java:240)
	at org.apache.catalina.core.ApplicationFilterChain.doFilter(ApplicationFilterChain.java:207)
	at org.apache.catalina.core.StandardWrapperValve.invoke(StandardWrapperValve.java:212)
	at org.apache.catalina.core.StandardContextValve.invoke(StandardContextValve.java:94)
	at org.apache.catalina.core.StandardHostValve.invoke(StandardHostValve.java:141)
	at org.apache.catalina.valves.ErrorReportValve.invoke(ErrorReportValve.java:79)
	at org.apache.catalina.core.StandardEngineValve.invoke(StandardEngineValve.java:88)
	at org.apache.catalina.connector.CoyoteAdapter.service(CoyoteAdapter.java:502)
	at org.apache.coyote.http11.AbstractHttp11Processor.process(AbstractHttp11Processor.java:1132)
	at org.apache.coyote.AbstractProtocol$AbstractConnectionHandler.process(AbstractProtocol.java:684)
	at org.apache.tomcat.util.net.NioEndpoint$SocketProcessor.doRun(NioEndpoint.java:1539)
	at org.apache.tomcat.util.net.NioEndpoint$SocketProcessor.run(NioEndpoint.java:1495)
	at java.util.concurrent.ThreadPoolExecutor.runWorker(ThreadPoolExecutor.java:1142)
	at java.util.concurrent.ThreadPoolExecutor$Worker.run(ThreadPoolExecutor.java:617)
	at org.apache.tomcat.util.threads.TaskThread$WrappingRunnable.run(TaskThread.java:61)
	at java.lang.Thread.run(Thread.java:745)

03-May-2021 23:25:06.642 심각 [http-nio-8121-exec-5] org.apache.catalina.core.StandardWrapperValve.invoke Servlet.service() for servlet [jsp] in context with path [] threw exception [java.lang.IllegalStateException: Exception occurred when flushing data] with root cause
 java.io.IOException: Stream closed
	at org.apache.jasper.runtime.JspWriterImpl.ensureOpen(JspWriterImpl.java:200)
	at org.apache.jasper.runtime.JspWriterImpl.flushBuffer(JspWriterImpl.java:105)
	at org.apache.jasper.runtime.PageContextImpl.release(PageContextImpl.java:184)
	at org.apache.jasper.runtime.JspFactoryImpl.internalReleasePageContext(JspFactoryImpl.java:120)
	at org.apache.jasper.runtime.JspFactoryImpl.releasePageContext(JspFactoryImpl.java:75)
	at org.apache.jsp.MemberIdCheck_jsp._jspService(MemberIdCheck_jsp.java:158)
	at org.apache.jasper.runtime.HttpJspBase.service(HttpJspBase.java:70)
	at javax.servlet.http.HttpServlet.service(HttpServlet.java:729)
	at org.apache.jasper.servlet.JspServletWrapper.service(JspServletWrapper.java:438)
	at org.apache.jasper.servlet.JspServlet.serviceJspFile(JspServlet.java:396)
	at org.apache.jasper.servlet.JspServlet.service(JspServlet.java:340)
	at javax.servlet.http.HttpServlet.service(HttpServlet.java:729)
	at org.apache.catalina.core.ApplicationFilterChain.internalDoFilter(ApplicationFilterChain.java:292)
	at org.apache.catalina.core.ApplicationFilterChain.doFilter(ApplicationFilterChain.java:207)
	at org.apache.tomcat.websocket.server.WsFilter.doFilter(WsFilter.java:52)
	at org.apache.catalina.core.ApplicationFilterChain.internalDoFilter(ApplicationFilterChain.java:240)
	at org.apache.catalina.core.ApplicationFilterChain.doFilter(ApplicationFilterChain.java:207)
	at org.apache.catalina.core.StandardWrapperValve.invoke(StandardWrapperValve.java:212)
	at org.apache.catalina.core.StandardContextValve.invoke(StandardContextValve.java:94)
	at org.apache.catalina.core.StandardHostValve.invoke(StandardHostValve.java:141)
	at org.apache.catalina.valves.ErrorReportValve.invoke(ErrorReportValve.java:79)
	at org.apache.catalina.core.StandardEngineValve.invoke(StandardEngineValve.java:88)
	at org.apache.catalina.connector.CoyoteAdapter.service(CoyoteAdapter.java:502)
	at org.apache.coyote.http11.AbstractHttp11Processor.process(AbstractHttp11Processor.java:1132)
	at org.apache.coyote.AbstractProtocol$AbstractConnectionHandler.process(AbstractProtocol.java:684)
	at org.apache.tomcat.util.net.NioEndpoint$SocketProcessor.doRun(NioEndpoint.java:1539)
	at org.apache.tomcat.util.net.NioEndpoint$SocketProcessor.run(NioEndpoint.java:1495)
	at java.util.concurrent.ThreadPoolExecutor.runWorker(ThreadPoolExecutor.java:1142)
	at java.util.concurrent.ThreadPoolExecutor$Worker.run(ThreadPoolExecutor.java:617)
	at org.apache.tomcat.util.threads.TaskThread$WrappingRunnable.run(TaskThread.java:61)
	at java.lang.Thread.run(Thread.java:745)

03-May-2021 23:27:13.110 심각 [http-nio-8121-exec-8] org.apache.catalina.core.StandardWrapperValve.invoke Servlet.service() for servlet [jsp] in context with path [] threw exception [java.lang.IllegalStateException: Exception occurred when flushing data] with root cause
 java.io.IOException: Stream closed
	at org.apache.jasper.runtime.JspWriterImpl.ensureOpen(JspWriterImpl.java:200)
	at org.apache.jasper.runtime.JspWriterImpl.flushBuffer(JspWriterImpl.java:105)
	at org.apache.jasper.runtime.PageContextImpl.release(PageContextImpl.java:184)
	at org.apache.jasper.runtime.JspFactoryImpl.internalReleasePageContext(JspFactoryImpl.java:120)
	at org.apache.jasper.runtime.JspFactoryImpl.releasePageContext(JspFactoryImpl.java:75)
	at org.apache.jsp.MemberIdCheck_jsp._jspService(MemberIdCheck_jsp.java:158)
	at org.apache.jasper.runtime.HttpJspBase.service(HttpJspBase.java:70)
	at javax.servlet.http.HttpServlet.service(HttpServlet.java:729)
	at org.apache.jasper.servlet.JspServletWrapper.service(JspServletWrapper.java:438)
	at org.apache.jasper.servlet.JspServlet.serviceJspFile(JspServlet.java:396)
	at org.apache.jasper.servlet.JspServlet.service(JspServlet.java:340)
	at javax.servlet.http.HttpServlet.service(HttpServlet.java:729)
	at org.apache.catalina.core.ApplicationFilterChain.internalDoFilter(ApplicationFilterChain.java:292)
	at org.apache.catalina.core.ApplicationFilterChain.doFilter(ApplicationFilterChain.java:207)
	at org.apache.tomcat.websocket.server.WsFilter.doFilter(WsFilter.java:52)
	at org.apache.catalina.core.ApplicationFilterChain.internalDoFilter(ApplicationFilterChain.java:240)
	at org.apache.catalina.core.ApplicationFilterChain.doFilter(ApplicationFilterChain.java:207)
	at org.apache.catalina.core.StandardWrapperValve.invoke(StandardWrapperValve.java:212)
	at org.apache.catalina.core.StandardContextValve.invoke(StandardContextValve.java:94)
	at org.apache.catalina.core.StandardHostValve.invoke(StandardHostValve.java:141)
	at org.apache.catalina.valves.ErrorReportValve.invoke(ErrorReportValve.java:79)
	at org.apache.catalina.core.StandardEngineValve.invoke(StandardEngineValve.java:88)
	at org.apache.catalina.connector.CoyoteAdapter.service(CoyoteAdapter.java:502)
	at org.apache.coyote.http11.AbstractHttp11Processor.process(AbstractHttp11Processor.java:1132)
	at org.apache.coyote.AbstractProtocol$AbstractConnectionHandler.process(AbstractProtocol.java:684)
	at org.apache.tomcat.util.net.NioEndpoint$SocketProcessor.doRun(NioEndpoint.java:1539)
	at org.apache.tomcat.util.net.NioEndpoint$SocketProcessor.run(NioEndpoint.java:1495)
	at java.util.concurrent.ThreadPoolExecutor.runWorker(ThreadPoolExecutor.java:1142)
	at java.util.concurrent.ThreadPoolExecutor$Worker.run(ThreadPoolExecutor.java:617)
	at org.apache.tomcat.util.threads.TaskThread$WrappingRunnable.run(TaskThread.java:61)
	at java.lang.Thread.run(Thread.java:745)

03-May-2021 23:29:05.872 심각 [http-nio-8121-exec-4] org.apache.catalina.core.StandardWrapperValve.invoke Servlet.service() for servlet [jsp] in context with path [] threw exception [java.lang.IllegalStateException: Exception occurred when flushing data] with root cause
 java.io.IOException: Stream closed
	at org.apache.jasper.runtime.JspWriterImpl.ensureOpen(JspWriterImpl.java:200)
	at org.apache.jasper.runtime.JspWriterImpl.flushBuffer(JspWriterImpl.java:105)
	at org.apache.jasper.runtime.PageContextImpl.release(PageContextImpl.java:184)
	at org.apache.jasper.runtime.JspFactoryImpl.internalReleasePageContext(JspFactoryImpl.java:120)
	at org.apache.jasper.runtime.JspFactoryImpl.releasePageContext(JspFactoryImpl.java:75)
	at org.apache.jsp.MemberIdCheck_jsp._jspService(MemberIdCheck_jsp.java:158)
	at org.apache.jasper.runtime.HttpJspBase.service(HttpJspBase.java:70)
	at javax.servlet.http.HttpServlet.service(HttpServlet.java:729)
	at org.apache.jasper.servlet.JspServletWrapper.service(JspServletWrapper.java:438)
	at org.apache.jasper.servlet.JspServlet.serviceJspFile(JspServlet.java:396)
	at org.apache.jasper.servlet.JspServlet.service(JspServlet.java:340)
	at javax.servlet.http.HttpServlet.service(HttpServlet.java:729)
	at org.apache.catalina.core.ApplicationFilterChain.internalDoFilter(ApplicationFilterChain.java:292)
	at org.apache.catalina.core.ApplicationFilterChain.doFilter(ApplicationFilterChain.java:207)
	at org.apache.tomcat.websocket.server.WsFilter.doFilter(WsFilter.java:52)
	at org.apache.catalina.core.ApplicationFilterChain.internalDoFilter(ApplicationFilterChain.java:240)
	at org.apache.catalina.core.ApplicationFilterChain.doFilter(ApplicationFilterChain.java:207)
	at org.apache.catalina.core.StandardWrapperValve.invoke(StandardWrapperValve.java:212)
	at org.apache.catalina.core.StandardContextValve.invoke(StandardContextValve.java:94)
	at org.apache.catalina.core.StandardHostValve.invoke(StandardHostValve.java:141)
	at org.apache.catalina.valves.ErrorReportValve.invoke(ErrorReportValve.java:79)
	at org.apache.catalina.core.StandardEngineValve.invoke(StandardEngineValve.java:88)
	at org.apache.catalina.connector.CoyoteAdapter.service(CoyoteAdapter.java:502)
	at org.apache.coyote.http11.AbstractHttp11Processor.process(AbstractHttp11Processor.java:1132)
	at org.apache.coyote.AbstractProtocol$AbstractConnectionHandler.process(AbstractProtocol.java:684)
	at org.apache.tomcat.util.net.NioEndpoint$SocketProcessor.doRun(NioEndpoint.java:1539)
	at org.apache.tomcat.util.net.NioEndpoint$SocketProcessor.run(NioEndpoint.java:1495)
	at java.util.concurrent.ThreadPoolExecutor.runWorker(ThreadPoolExecutor.java:1142)
	at java.util.concurrent.ThreadPoolExecutor$Worker.run(ThreadPoolExecutor.java:617)
	at org.apache.tomcat.util.threads.TaskThread$WrappingRunnable.run(TaskThread.java:61)
	at java.lang.Thread.run(Thread.java:745)

